:10110000B240805A20013F40044D3E4000023D4025
:1011100004020D9E0524FE4F00001E530E9DFB2B66
:101120003F4004023D4096040D9F0524CF4300003C
:101130001F530F9DFB2B3040121230403E11001305
:101140004F93012432D230410F4212C30F100F11BE
:101150000F115FF332C203437FF33041B1C0F0009F
:10116000000000130F120E120D120C12B012E8261E
:101170003C413D413E413F41B1C0F0000000001301
:101180000F125F4276003F41B1C0F0000000001333
:10119000B1C0F000000000130F120E120D120C125D
:1011A0005F427E000D434E43B0126C2D3C413D41E9
:1011B0003E413F41B1C0F000000000130F120E127B
:1011C0000D120C12B012C22F3C413D413E413F4135
:1011D000B1C0F000000000130B120B4FB012481109
:1011E0005D42D0034E4D0E5E3E509E038E93000036
:1011F0000B205D537DF00700C24DD0038E4B0000E5
:10120000B01240111F43033CB01240110F433B4149
:1012100030413140000AB012DA30A242600182430C
:101220002E01A242800182431E014B430F4212C392
:101230000F100F110F111FF34F9301205B4332D298
:10124000B012C43B4B93012432C2B0124811F24099
:1012500007005700E2425800E2C3000082437001D9
:10126000B2400202600182439001B240020180015B
:10127000B0124011B01248114E4F1F4260013FF0B2
:10128000CFFF3FD02000824F60011F4280013FF01E
:10129000CFFF3FD02000824F80014F4EB01240114F
:1012A000C243D003C243B203B0127414B012481147
:1012B000C2431A04F2D010003200F2D040003200D3
:1012C000F2D020003200F2D010003100F2D0400005
:1012D0003100F2D020003100B0124011B01248119C
:1012E000F2D040003100E2C21A04B0124011B01234
:1012F0004811F2D010003100D2C31A04B0124011CC
:10130000B0124811F2D020003100E2C31A04B0122A
:101310004011F2400300EB02E243EA02D243E90249
:10132000C293D4020420F243BE03D243D402B24299
:101330003004F242F702C243AA02A2C3A0018243D0
:10134000A601C293D4020420F243BE03D243D402C6
:10135000B0127414B0129814B0124811C243DA03D8
:10136000B0124011B012B834C243900482433A0420
:101370008243C003B0124811C243B403C243D30234
:101380008243CA03C243D403B0124011B012741492
:10139000F2D080FF2200F2D080FF21003C40050007
:1013A0000D434E434F43B012B415B0129814B0120F
:1013B00048114B4FF2D040001B00F2D080FF1B00C1
:1013C000B012DC434F4BB0124011B0124811F24042
:1013D000A0FFD802F2F0CFFF7900F2D02000790010
:1013E000B01240117E40B5FF3F403600B012903B36
:1013F000B0124811F2F0EFFF0300F2D0100001002C
:10140000B0124011B0124811F2F0DFFF0300F2D029
:1014100020000100B0124011B0123E353C40E803FC
:101420000D434E435F43B012B415C243900432D211
:10143000B01248115D42B2034E4D0E5E1B4E9E032C
:101440000B9312248E439E035D537DF00700C24D23
:10145000B203B01240118B121F434F93E923B01215
:10146000303003430343E43FB01240110F43F53FD4
:101470003040004DB01248118243EE02B0124011CC
:10148000F2439104F2431C04B24000408801B2F0E0
:10149000EFFF88011F4330410B12B01248114B4F30
:1014A0000D430C430E4C0E5E3E50FE03021232C240
:1014B0000343824D3201B240520038011F423A01CB
:1014C00032413F5006028E4F04008E430200CE434D
:1014D00001003C5003001D532D93E43BC2433404F0
:1014E0008243C6038243DC02824304028243AE028B
:1014F000C2433304C243DE03C24339048243E602DB
:101500008243AE039242020418044F4BB0124011C2
:101510003B413041B01248114E4FE2D31B00E2D2A2
:101520001B00F2D21B00F2F03F000000D2D370008B
:10153000F2D016007000F2F0DFFF7000E24371009D
:10154000F2D080FF71005F4232044F931834F2F002
:10155000CFFF71007FF07F00C2DF71001F421404D3
:101560000F930824D242140474008F107FF3C24FEB
:1015700075000C3CE2437400C2437500073CF2F076
:10158000CFFF7100F2D020007100E83FC24373002A
:10159000F2F03F000400F2D040000400D2C370001B
:1015A000F2F03F000200F2F03F0000004F4EB01298
:1015B000401130410B124B4F4F4E8F1118241F9387
:1015C00002240F43223C0E4C0F4D0E5E0F6F0E5E39
:1015D0000F6F0E5E0F6F0E5E0F6F0E5E0F6F4C4340
:1015E0000D4E0E4F4F4BB0120E167FF30E3C0E4CAD
:1015F0000F4D0E5E0F6F0E5E0F6F0E5E0F6F0E5E65
:101600000F6F0E5E0F6F5C43EB3F3B4130410B129F
:101610000A12091208120712061205120412464F86
:10162000084D094E454CB0124811444F4B460B5BD8
:10163000074B0B5B0B5B0A4B3A50B202EAB3050057
:1016400003244F46B012663D075787481E0487495A
:1016500020044E455EF35F4A05005FC34FDECA4F6C
:101660000500B012A216459302200E580F698B4E4A
:10167000B2028B4FB4024E43199301345E434F467E
:10168000B012CE17B012EE1F4F44B01240111F43DC
:101690003441354136413741384139413A413B4186
:1016A00030410B120A120912B01248114C4F1D4260
:1016B00090011F428001494F59F3062492C38001D3
:1016C0009253EE021D4290011F42EE020E430A4D5C
:1016D0000B430ADE0BDF4F4CB01240114993042438
:1016E0003F40243EB012D8110E4A0F4B39413A41C7
:1016F0003B4130410B120A1209120812071206125E
:10170000484FB012A216064E074F78935924494805
:101710004D480D5D0D5D0D5D0E4D3E50B202584EB3
:1017200004005C4E05006CB315241A4DB2021B4D2B
:10173000B4020A860B774F4C6FC3CE4F05000E4A9A
:101740000F4B1E830F730B384E431B9306384F49C4
:10175000B012CE177893DB23333C5E43F83F5CB383
:101760001A244F490F5F0F5F1B4DB2021C4DB4028C
:101770001B5F1E041C6F20040E4B0F4C8D4BB202DE
:101780008D4CB4024D430E860F771F9317384E4D84
:101790004F49B012CE174F492F930C3869834F49E8
:1017A0000F9305241F93D623B012B63FD33FB01238
:1017B0001C34D03F4F49B012443DCC3F5D43E73F1E
:1017C00036413741384139413A413B4130414D4F33
:1017D0004E930A244F4D0F5F0F5F0F5FDF4291045E
:1017E000B602C24D9104093C4F4D0F5F0F5F0F5F72
:1017F000DF421C04B602C24D1C044F4D0F5F0F5F49
:101800000F5FEFD3B70230410B120A124A43B29274
:10181000300460200B435E42CC030E5E3E50120447
:10182000FEB0200001004F434F637FF30F934E241F
:10183000FEB0400001004E434E634F4E0F9306240E
:101840001EB34424B012DA182F9340241B93422471
:10185000B01248114D4FB292300429244F4DB012AE
:1018600040114A930320C243CC03343CA2C3A001DD
:101870003F401000B012F418B2401802A2015F42BB
:10188000CC030F5F5F4F13043FF00F00B0125419E9
:101890005F42CC030F5F5F4F12044E4F4F43B012B5
:1018A0007A199243A601B2D00300A001DC3F5E4248
:1018B000CC034F4E0F5FFFF0DFFF13048243300471
:1018C000C24EDB03C243AA025A43C83FC243CC0301
:1018D0001B43BC3F3A413B4130415F4295046F920C
:1018E00007247F90030002242F4330410F433041EF
:1018F0001F4330412182814F02009142A00100002C
:10190000F1B0200000004F434F634E4F4E5E4E5EDD
:101910004E5E4E5E4E5E5F4102007FF0DFFF4FDEA7
:10192000C14F0200F1B0400000004F434F634E4FE3
:101930004E5E4E5E4E5E4E5E4E5E4E5E5F410200FD
:101940007FF0BFFF4FDEC14F020092410200A001B5
:10195000215230410D4F3DF00F001E42A0017EF399
:101960000F4D8F100EDF0F4D8F100F5F0F5F0F5F4A
:101970000F5F0EDF824EA00130417F901000032CDC
:101980007FF3CF4E800030410B120A120B4FB01282
:1019900048114A4F5E4235044E9342201F42A20135
:1019A0005FF37FF34F933A205F42950411245F93D6
:1019B00032246F932D247F90030027246F920624F6
:1019C000D2533504C24338045B43443C0B93F823A1
:1019D000A2C3A001B2D02000A0014B930E20B2F010
:1019E000BFFFA001B0124811D2439504B0124011BC
:1019F0003F400240B012D811E33FB2D04000A001F6
:101A0000B0124811E2439504F13F1B93D723E03F06
:101A10000B93DE27D03F1B93CC23DA3F4B431A3C7A
:101A20005F4295045F9313246F930E247F9003000D
:101A300008246F92F3231B93F1235E53C24E3504A7
:101A4000C13F0B93FA27F53F1B93F023F63F0B930F
:101A5000F427EA3F4F4AB01240114F4B3A413B4105
:101A600030410B120A124B43B01248114A4F5F42E9
:101A700035044F9316247F53C24F350412205F4222
:101A800095047F536F93062CD2433804B012B63FAF
:101A90005B43073CD24338043F401240B012D81198
:101AA000F73F4F4AB01240114F4B3A413B41304152
:101AB0000B120A120912081207120612051204125A
:101AC00031823B401A000B51464F474E044D494C62
:101AD000254BC1430500C14306004A4E0A93023814
:101AE0000F432F3D4C93FC277C901100F92F0B4A9C
:101AF0000B5B0B5A3B50FD03B01248114E4F48434D
:101B0000FBB0200002004F434F637FF30F9301208F
:101B10005843FBD0200002004F4EB01240114F48F6
:101B20004F93DE274F47B012363E1F934F244A286B
:101B30002F93D623B0124811F292F7022F24B0123D
:101B40004011C193060002242F43FB3C0F4A0F5F54
:101B50000F5AFFF0DFFFFF030B4F3B50FD03E14B3C
:101B600004005F41040012C34F104F114F114F1179
:101B70003FF007001F930C245F41040012C34F1075
:101B80004F114F114F113FF007003F900500A82360
:101B9000B012621AFBF0DFFF0100A23F8244F202A2
:101BA0008245F402C249F60246930824F240070037
:101BB000F702C247F802D1430600C13FF2400500D8
:101BC000F702F73FFBF0DFFF02008A3FB012481137
:101BD000B2923004A624B0124011C1930500AA2786
:101BE0008245D60382441004A2C3A00148434B4956
:101BF0000F4B3F531F93853449470A490A5A0A59E4
:101C00000B4A3B50FD03E14B0000F1D080FF000088
:101C10006E414F48B0127A19059366243EF0F8FFE2
:101C20002ED35F4B010012C34F104F114F114F11B4
:101C30004F114F113FF003000F5F0F5F0F5F3EF03A
:101C4000E7FF0EDF5D4AFF030F4D3FF007000F5F18
:101C50000F5F0F5F0F5F0F5F3EF01FFF0EDF3EF065
:101C6000FFFE3ED0000212C34D104D114D110F4D1D
:101C70003FF003008F100F5F0F5F3EF0FFF30EDFAA
:101C80003EF0FF0F814E020046930324F1D0060080
:101C900002003F401000B012F41892410200A2016D
:101CA0000B490B5B0B595F4BFE033FF00F00B0126B
:101CB00054194E481F430E9303240F5F1E83FD23C8
:101CC000824FA601B2D00300A001059302201F435A
:101CD000383C5F4BFF0312C34F104F114F113FF0C1
:101CE0000300B012D03EF33F3A409A0246930224DA
:101CF0003A401E023F409000B012F418824AA201FE
:101D0000CF3F0F4A0F5F0F5A5F4FFD034E4F4F48B3
:101D1000B0127A1958534E480F4B3F530E9FF13B68
:101D20006B3FC247DB0346930824B24007003004F0
:101D3000D1430500C243AA024E3FB2400500300421
:101D4000F73F31523441354136413741384139410D
:101D50003A413B4130410B120A1209120812484F16
:101D60006F9202280F43A53CB01248115B42D10389
:101D7000D243D103B01240114B93F423C2431B044E
:101D80004F485E4FE8020F4E3FF00F003AF0F0FF71
:101D90000ADF4F4E7FF0700012C34F104F114F11EA
:101DA0004F113FF007000F5F0F5F0F5F0F5F3AF0BB
:101DB0008FFF0ADF5F42BE033FF00F000F5F0F5F30
:101DC0000F5F0F5F0F5F0F5F0F5F3AF07FF80ADF63
:101DD0004E5E4E434E6E4F4E8F100F5F0F5F0F5F84
:101DE0003AF0FFF70ADF4F4A7FF00F007BF0F0FF79
:101DF0004BDF0F4A12C30F100F110F110F117FF09D
:101E000007004F5F4F5F4F5F4F5F7BF08FFF4BDFF0
:101E10007BF07F00B01248114E4F4943F2B0800072
:101E200013044F434F637FF30F9301205943F2D0C4
:101E300080FF13044F4EB01240114F494F93272497
:101E4000C24B12040F4A12C30F100F110F110F11C2
:101E50000F110F110F114D4F7DF00F005E42130453
:101E60007EF0E0FF0F4A8F107FF312C30F100F11A7
:101E70000F115FF34F5F4F5F4F5F4F5F4EDD4EDFE0
:101E80007EF09FFFC24E1304F2F07F0013044F4315
:101E9000B012BC1E0F930524C248DA021F437FF321
:101EA000083CB0124811C243D103B01240110F4395
:101EB000F63F384139413A413B4130410B120A1259
:101EC0000912081221834B4F484319434F930224B0
:101ED0000F43873CB01248114E4F4A43F2B0800086
:101EE00013044F434F637FF30F9301205A43F2D003
:101EF00080FF13044F4EB01240114F4A4F93E82712
:101F0000F2D020001304D142120400006F4112C32A
:101F10004F104F114F114F113FF007001F933D24F9
:101F20006F4112C34F104F114F114F113FF0070077
:101F30003F9005003224199302240F49523CB012FD
:101F40004811B29230042124B0124011489302206B
:101F50002943F33FA2C3A0013F401000B012F41880
:101F6000B2401802A2014F4B0F5F5F4F13043FF0C6
:101F70000F00B01254196E414F43B0127A199243B8
:101F8000A601B2D00300A001D83F82433004C24B67
:101F9000DB035843C243AA02D73FF2B01000130438
:101FA0004F434F637FF30F931A241F43B0128819D6
:101FB0005F930A244F4B0F5FFFF0DFFF1304FFF026
:101FC0007F0013040943B73F4F4B0F5FFFD0400022
:101FD0001304B012DA182F93AE232943AC3F0F43FA
:101FE000E53F2153384139413A413B4130410B12E1
:101FF0000A1209120812071206120512B012A216CE
:10200000074E084F5F4291047F935024464F7FF361
:102010000F5F0F5F0F5F1A4FB2021B4FB4020A87A8
:102020000B78594FB60279931B2445490F450F5F32
:102030000F5F0F5F1E4FB2021F4FB4020E870F7863
:102040000C4E0D4F0C8A0D7B03340A4E0B4F464944
:102050000F450F5F0F5F0F5F594FB6027993E5236E
:10206000B012A216074E084F4F460F5F0F5F0F5F6B
:102070001A4FB2021B4FB4020A870B780E4A0F4B5D
:102080001E830F730B380F4A1F529001824F980125
:1020900092C38801B2D0100088010B3CB2F0EFFF70
:1020A00088013F40123EB012D811033CB2F0EFFF5E
:1020B0008801354136413741384139413A413B4148
:1020C00030410B120A124A4F4B434F43B012AA2120
:1020D0005F936720E2C21D00C29302000334F2F056
:1020E0007F000200B01248115E427600B01240112B
:1020F000B0124811C24A7700B012401103430343A3
:10210000034303430343034303430343034303439F
:10211000034303430343034303430343034303438F
:10212000034303430343034303430343034303437F
:10213000034303430343034303430343034303436F
:10214000034303430343034303430343034303435F
:10215000034303430343034303430343034303434F
:10216000034303430343034303430343034303433F
:10217000034303430343034303430343034303432F
:10218000034303430343034303430343B012481190
:102190005B427600B0124011E2D21D004F43B012F4
:1021A000DA214F4B3A413B4130410B120A124B4F5F
:1021B0004A43B0124811C2930E040520D2430E04C4
:1021C0005A43C24B1D04B01240114A9302241F43CC
:1021D000013C0F433A413B4130410B120A124B4F35
:1021E000B01248114A4FD2930E041020C29B1D0416
:1021F0000D20C2430E04C293D80308203F40204361
:10220000B012D8115F930220D243D8034F4AB012C4
:1022100040111F433A413B4130410B120A1209124F
:102220004B4F0A4E49434F43B012AA215F930224F9
:1022300030404224E2C21D00C29302000334F2F097
:102240007F000200B01248115E427600B0124011C9
:10225000B0124811C24B7700B01240110343034340
:10226000034303430343034303430343034303433E
:10227000034303430343034303430343034303432E
:10228000034303430343034303430343034303431E
:10229000034303430343034303430343034303430E
:1022A00003430343034303430343034303430343FE
:1022B00003430343034303430343034303430343EE
:1022C00003430343034303430343034303430343DE
:1022D00003430343034303430343034303430343CE
:1022E000034303430343034303430343B01248112F
:1022F0005B427600B0124011494B0B4A8B107BF3C6
:10230000B0124811C24B7700B0124011034303438F
:10231000034303430343034303430343034303438D
:10232000034303430343034303430343034303437D
:10233000034303430343034303430343034303436D
:10234000034303430343034303430343034303435D
:10235000034303430343034303430343034303434D
:10236000034303430343034303430343034303433D
:10237000034303430343034303430343034303432D
:10238000034303430343034303430343034303431D
:10239000034303430343034303430343B01248117E
:1023A000C24A7700B012401103430343034303437F
:1023B00003430343034303430343034303430343ED
:1023C00003430343034303430343034303430343DD
:1023D00003430343034303430343034303430343CD
:1023E00003430343034303430343034303430343BD
:1023F00003430343034303430343034303430343AD
:10240000034303430343034303430343034303439C
:10241000034303430343034303430343034303438C
:10242000034303430343034303430343034303437C
:102430000343034303430343E2D21D004F43B0125F
:10244000DA214F4939413A413B4130410B120A12DE
:102450004B4F0A434F43B012AA215F9302243040EE
:102460009026E2C21D00C29302000334F2F07F0006
:102470000200B01248115E427600B01240117BD0CB
:102480004000B0124811C24B7700B0124011034314
:10249000034303430343034303430343034303430C
:1024A00003430343034303430343034303430343FC
:1024B00003430343034303430343034303430343EC
:1024C00003430343034303430343034303430343DC
:1024D00003430343034303430343034303430343CC
:1024E00003430343034303430343034303430343BC
:1024F00003430343034303430343034303430343AC
:10250000034303430343034303430343034303439B
:102510000343034303430343034303430343B0120F
:1025200048115E427600B0124011B0124811C24309
:102530007700B012401103430343034303430343B3
:10254000034303430343034303430343034303435B
:10255000034303430343034303430343034303434B
:10256000034303430343034303430343034303433B
:10257000034303430343034303430343034303432B
:10258000034303430343034303430343034303431B
:10259000034303430343034303430343034303430B
:1025A00003430343034303430343034303430343FB
:1025B00003430343034303430343034303430343EB
:1025C000034303430343B01248115B427600B01249
:1025D00040114A4B8A103AF000FFB0124811C24332
:1025E0007700B01240110343034303430343034303
:1025F00003430343034303430343034303430343AB
:10260000034303430343034303430343034303439A
:10261000034303430343034303430343034303438A
:10262000034303430343034303430343034303437A
:10263000034303430343034303430343034303436A
:10264000034303430343034303430343034303435A
:10265000034303430343034303430343034303434A
:10266000034303430343034303430343034303433A
:10267000034303430343B01248115B427600B01298
:1026800040114F4B0ADFE2D21D004F43B012DA2156
:102690000F4A3A413B4130410F121F422E013F90F9
:1026A0000F001D2C0F5F104FAA26DE26DE26C8263F
:1026B000DE26DE26DE26DE26DE26DE26DE26DE26FA
:1026C000DE26DE26DE26DE269293C803082082431D
:1026D0006401B240300064019252D60374013F415C
:1026E000B1C0F00000000013A293C80301243041E0
:1026F00082438201B240300082019252D60392019D
:10270000F63F0F120E120D120C121F421E013F90C7
:102710000F00602C0F5F104F1A27D427D4273827BB
:10272000D4275227D4277627D4278027D427D42705
:10273000D427D427D427C227B2900300C8034A2045
:1027400082438401B240300084019252D603940146
:10275000413CC293C4033E249242CE03C203924240
:102760007001CE03E293C4030328B25080009601A7
:10277000F253C4032F3C3F40123EB012D8112A3C02
:102780001C42E2021D42E4020E4C0F4D3E830F73C9
:102790001028824DE2028243E4021F4290011F5240
:1027A000E202824F9A0192C38A01B2D010008A01DC
:1027B000113CB2F0EFFF8A01C2438F04B0126434BF
:1027C000093CB01248119253EE02B01240113F4042
:1027D000243ED33F3C413D413E413F41B1C0F0002A
:1027E00000000013B0124811D2431704B012401178
:1027F0001F420A04FF50F5FF00004E431F420A0427
:10280000B01206283041C24390041F4330410B12DE
:10281000B01248115B421704B01240117B900300C4
:102820003C205F4220007FF010007FF34F932D206B
:102830005F42D202F253D2024F9311207F403F00F9
:10284000B0124C247F42B012C2207F403F00B01231
:102850004C247F42B012C220B012E4271E3CB012BA
:1028600010290E4F3EF00F001E530F4E0F5F0F5FEB
:102870000E5E0F5E0F5E0F5ED243E0020E4F0F43FF
:10288000B0129E284F930920E73FB0124811E2434F
:102890001704B0124011B0129C403B4130410B1262
:1028A0000A120A4E0B4FB2F0EFFF8A01B012481124
:1028B000824AE202824BE402D2438F04B0124011FA
:1028C0001B9304281F4290013F53033C0F4A1F52A1
:1028D0009001824F9A0192C38A01B2D010008A01FE
:1028E0001F433A413B4130410B12B0124811D243D1
:1028F00017041B420A048B435000FB50F5FF0000F5
:10290000B01240115E430F4BB01206283B413041DC
:102910000B12B01248114E4F1B420C040F4B0F5FAD
:102920000F430F6F0B5B4F9302243BE00B101B53C5
:10293000824B0C041BE2DE024F4EB01240110F4BD3
:102940003B4130410F120E120D120C121F42A80112
:102950002F930D242F920B240E4F12C30E100F4EE7
:102960003F533F901200032C6F83B01292313C41D1
:102970003D413E413F41B1C0F000000000132183C2
:102980008293A4010A244E434F4E0F5F914F4001A2
:1029900000005E537E901000F72B215330410B1244
:1029A0000A1209120A4F021232C20343D242B4037E
:1029B0003001C2433101B24052003801C2433901F3
:1029C0001F423A0132410B4F3B500403B0124811F1
:1029D000494F5F42D3020F5F0F5B8F4A0600D2530D
:1029E000D3029253CA03F2901E00D30204203F4048
:1029F0007C3CB012D8114F49B01240111F433941ED
:102A00003A413B4130410B120A125A434B43B01238
:102A100048114D4FC29334040F205E4294046EB3AC
:102A20002A24B240DF03B003B2404000B002924318
:102A3000DC025B43D24334044F4DB01240114B9340
:102A40003324B0124811824304028243C603B012F9
:102A500040117F407E00B012B02A4A4F5F93242479
:102A6000B0124811F2423404B01240113F40E22A41
:102A7000B012D811193C6EB20E249242AE02B003CD
:102A8000B2404200B0021F42AE026F4F3F500A00F8
:102A9000824FDC02CE3F7EB2CF27B240D902B003D4
:102AA000B240FF00B002C33F4F4A3A413B41304180
:102AB0000B120A124A4FB01248115B42DA03D2439A
:102AC000DA03B01240114B9302240F43073CB012BB
:102AD0004811C24A7F00B01240111F433A413B41A6
:102AE00030410B125B43B0124811F29234041B24A4
:102AF000B0124011B2904000B0021024B012481140
:102B0000E2E29404B01240114E4B1F42AE02B012EA
:102B10000628B01248118243AE02093CB012481197
:102B2000E2E39404043C4B43C2433404E13FB0125B
:102B30004011B012062A3B4130414E437F901000B5
:102B4000032C7FF35E4F80004F4E30411D42000248
:102B50009253C003DF934E0001243041DF92030201
:102B60000900FB231E4F06003E9302240E9DF52311
:102B70004E436E537E905200FC2BEF3F0F120E120D
:102B80000D120C1221835F4223005FF225007FF3B8
:102B9000814F000091B300004324C293B803042482
:102BA000F2900300170419245F4220007FF27FF3A4
:102BB0004F930E207F403F00B0124C247F42B01252
:102BC000C220B0124811D2C32300B0124011673C9A
:102BD0003F404C42B012D811F43FC2938F04E42717
:102BE000B0124811C2438F04B2F0EFFF8A01B01255
:102BF0004011B01210290E4F3EF00F001E530F4E21
:102C00000F5F0F5F0E5E0F5E0F5E0F5E3F504B005B
:102C10000E4F0F4E0F5F0F7F3FE3B0129E28C43F51
:102C2000A1B300000524B0124811E2C32300CD3F38
:102C3000A1B200000524B0124811E2C22300C53F32
:102C4000B1B200000524B0124811F2C22300BD3F0A
:102C5000B1B0100000000624B0124811F2F0EFFFEE
:102C60002300B33FB1B0200000000624B012481189
:102C7000F2F0DFFF2300A93FB1B0400000000624BE
:102C8000B0124811F2F0BFFF23009F3F2F414F9336
:102C90000634B0124811F2F07F002300963F215312
:102CA0003C413D413E413F41B1C0F00000000013B6
:102CB0000F120E120D120C1221835F422B005FF2D5
:102CC0002D007FF3814F000091B300000724B01264
:102CD0004811D2C32B00B01240113F3CA1B30000F9
:102CE0000524B0124811E2C32B00F53FA1B2000049
:102CF0000524B0124811E2C22B00ED3FB1B2000032
:102D00000524B0124811F2C22B00E53FB1B010000B
:102D100000000624B0124811F2F0EFFF2B00DB3F59
:102D2000B1B0200000000624B0124811F2F0DFFF1D
:102D30002B00D13FB1B0400000000624B012481172
:102D4000F2F0BFFF2B00C73F2F414F930634B01264
:102D50004811F2F07F002B00BE3F21533C413D4122
:102D60003E413F41B1C0F000000000130B124B4F39
:102D70005F4233042F93ED243F90030041340F93BF
:102D800025241F930324C2433304063D7B907E0019
:102D900003255F42DE030E4F0E5E0E5F0E5ECE4BCE
:102DA000FE034E4B1F42AE03B0129E2F824FAE0366
:102DB0004E4B3E90410007243E904200E423F240F7
:102DC00003003304E93CE2433304E63C7B907E009D
:102DD000E3205F42DE030E4F0E5E0E5F0E5E3E503E
:102DE000FE038E930200D820CE4301008243AE033F
:102DF0008243E602924E04001804D2433304CC3CD2
:102E00003F90030030242F92BE237B907E001A2433
:102E10001F4218041F52E6027BE02000CF4B000047
:102E20001F42E6022F93032C9253E602C83F1F5223
:102E300018045E4FFEFF1F42AE03B0129E2F824F5A
:102E4000AE03F23F8243AE038243E6025E42DE03FC
:102E50000F4E0F5F0F5E0F5F3F50FE038F43020068
:102E6000CF430100903F1D42E6023D905300EA2F00
:102E70007B907D006B247B907E0017241F421804FA
:102E80000F5DCF4B00001F42E6022F93032C92539D
:102E9000E602823C1F5218045E4FFEFF1F42AE0343
:102EA000B0129E2F824FAE03F23F2D9342281F4255
:102EB00018040F5D5E4FFFFF8E105F4FFEFF0EDFA9
:102EC0001E92AE0324245E42DE030F4E0F5F0F5EA0
:102ED0000F5F3F50FE038F430200CF4301005F426C
:102EE000DE030E4F0E5E0E5F0E5E3E50FE038E93AF
:102EF00002000A20924E04001804D2433304824395
:102F0000AE038243E602483CC2433304F83F5E42CC
:102F1000DE030F4E0F5F0F5E0F5F2D838F4D00049A
:102F20003F403643B012D811D253DE03D2F3DE0352
:102F3000D63F5E42DE030F4E0F5F0F5E0F5F3F50C6
:102F4000FE038F430200CF430100DE3FE242330421
:102F5000233C7B907E0017277B907D0014245E42EB
:102F6000DE030F4E0F5F0F5E0F5F3F50FE035E4F9D
:102F700001004EEBCF4E01001F42AE03B0129E2F58
:102F8000824FAE031C3F5E42DE030F4E0F5F0F5EAB
:102F90000F5FFF402000FF031F433B4130410D4FB7
:102FA0004F4E7FF38F100DEF7F420D9306340D5D72
:102FB0003DE021107F53F923023C0D5DFB3F0F4D97
:102FC00030410B12B01248115B42DA03C243DA03FC
:102FD000B01240114B930F24F290070034040424E4
:102FE0005F43B012B63A073CC24334043F40E22A82
:102FF000B012D811F53F1F433B4130410B124B4FEC
:103000007F5083FF6F930E2CB0124811D2423404CC
:103010001604F24003003404C24B8E04B012401177
:103020007B407D004F4BB012B02A7FF33B413041D3
:10303000218381430000B01248114E4FC293020217
:1030400005205F42D003C29FB20304244F4EB0124A
:103050004011413CB140D0000000B2B0100062010C
:103060000820B2B0100064010420B2B01000660164
:1030700007241F4260013FF000033F90000210242C
:10308000F2B0C0FF04000424F2B020007100082058
:10309000F2B0300005000724F2B0200079000324CC
:1030A000B1405000000092B3A2010A241F42A201C5
:1030B0003FF018003F9010000B243F9018000424AC
:1030C000B1D2000022D1073CB14050000000F83FCF
:1030D00081430000F53F21533041F2D01000310010
:1030E000F2D020003100F2D040003100F2D01000C8
:1030F0003200F2D020003200F2D040003200E2D2A2
:103100003100E2C23200F2D040001D00F2D0400097
:103110001E00F2F0DFFF1D00F2D020001E00E2D200
:103120001D00E2D21E00D2C32200F2C22200E2C37E
:103130001E00F2F0EFFF2200F2D040001A00F2D0A1
:1031400080FF1A00F2F0BFFF1900F2F07F001900B3
:10315000E2C32200E2C22A00F2D21E00F2D21D0017
:10316000F2D010001E00F2D010001D00F2D040007E
:103170002200F2D020002200F2D080FF2200F2F0E4
:10318000BFFF2100F2F0DFFF2100F2F07F002100FD
:1031900030410B120A12318006007FF30F5F914F0E
:1031A00040010000D293AA0225251F4230043F901F
:1031B00005008C243F900600632C0F932A21D142F6
:1031C000DB0302009142400100005F4102007FF3F7
:1031D0000F5F3F501204FFB0400001004F434F63A8
:1031E0007FF30F9343205F4102007FF30F5FFFF0F7
:1031F000DFFF13045F4102007FF30F5FFFF07F00EA
:103200001304B24230043F400818B012D8115F4195
:1032100002002D417FF30F93FC205F42DA022F93CF
:1032200023243F9003001B341F9313244F435F93C9
:103230000724B0124811C243D103B0124011E93C37
:10324000C2931B04F6274F43B012BC1E1F93F123F9
:10325000E03C0E430F4DB0129E295F43E83F3F9084
:103260000300E4232E43F63F1E43F43FB012621ADC
:103270005F4102007FF30F5FFFF0BFFF1304B33F16
:103280003F90060021243F900700C3204A434B4A49
:103290004F4AB0123A2BC14F05001E4210045A5338
:1032A000A25310044F4B0F5F9E4F40010000F1B03E
:1032B000800005004F434F637FF30F93E8274F4A89
:1032C0000F5F828F1004A53C2F41A33CD142DB034A
:1032D00002004A438293D60309241F42C8032F9356
:1032E00085243F9003007B2C1F937524B2F0F9FFD7
:1032F000A201A2C3A0018243A601B0127E295F41B0
:1033000002004E4F0F4E0F5F0F5E3F50FD03FFB0A8
:10331000200001004F434F637FF30F932C245F4144
:1033200002004E4F0F4E0F5F0F5E0B4F3B50FD03E1
:10333000D14FFD0303005F41030012C34F104F1133
:103340004F114F113FF007001F933F245F410300CF
:1033500012C34F104F114F114F113FF007003F9014
:10336000050033245F4102004E4F0F4E0F5F0F5E8A
:10337000FFF0DFFFFE034B4A4F4AB0123A2BC14F1A
:1033800004001E4210045A53A25310044F4B0F5F07
:103390009E4F40010000F1B0800004004F434F6396
:1033A0007FF30F93E8275E4102004F4E0F5F7EF3DD
:1033B0000F5EFFF0DFFFFF03B24230043F4008180A
:1033C000B012D8115F410200243CB012621AFBF027
:1033D000DFFF0100C73FB2F0EFFF6401873F3F907E
:1033E00003008423B2F0EFFF8401803FB2F0EFFFCF
:1033F00082017C3FB2F0F9FFA201A2C3A001A2C3E7
:10340000A0018243A601B0127E293F40583FB0126E
:10341000D811315006003A413B413041B0124811B9
:10342000D29395041924E29395041324B012401109
:10343000F290030095040824E292950411203F4085
:103440000818B012D8110C3C3F400818B012D8111F
:10345000F33FE2429504EA3FF24003009504E33F64
:103460001F4330410B12B01248115B421704B012D7
:1034700040115F42E0021F931A242F930D382F93BF
:1034800018206B9216201F420A04CF434F003F4082
:10349000E828B012D8110D3C0F930B203F4020427A
:1034A000B012D8114F930520B012E427023CB0129D
:1034B0000E281F433B413041B0124811C24317044C
:1034C000C243D903C243B803B2403C04D203C2434F
:1034D0003C04B2404C00DC03B0124011B012464034
:1034E000B012A63AB01248114D4F1E42000202120D
:1034F00032C20343824E3201B240513738011F427B
:103500003A0132413F505137824F0C04824F9204AE
:10351000021232C20343824E3201B240850F38019B
:103520001F423A0132413F50850F824FDE024F4D1C
:10353000B01240119242000236041F4330410B1278
:10354000B01248115B421704B01240114B931F2078
:10355000B01248114B4FC243D2021F42D203CF4395
:103560000000B0124811C2438F04B2F0EFFF8A018D
:10357000B0124011B01294357F400300B012C22047
:10358000B0123437D24317044F4BB01240111F43CF
:103590003B4130410B120A122183B0127A3AB01229
:1035A0001E36F2F0BFFF1D0003430343F2D040007C
:1035B0001D0003430343B012FC364B4F4A43B01285
:1035C0005A424F9303244B9301245A434B4A4A4394
:1035D0004B9313204F434A931D243E40F0032F4E3C
:1035E0003FF000FC3FD065018E4F00000E4F7F4042
:1035F0001800B0121A225F430D3C914200020000F5
:103600000D416E433F406A01B01278374F93E22775
:103610005A43E03F1FF321533A413B413041F2D03E
:1036200020001D000F4303430343034303430343AD
:10363000034303430343034303430343034303435A
:10364000034303430343034303430343034303434A
:10365000034303430343034303430343034303433A
:10366000034303430343034303430343034303432A
:10367000034303430343034303430343034303431A
:10368000034303430343034303430343034303430A
:1036900003430343034303430343034303430343FA
:1036A00003430343034303430343034303430343EA
:1036B00003430343034303430343034303430343DA
:1036C00003430343034303430343034303430343CA
:1036D00003430343034303430343034303430343BA
:1036E00003430343034303430343034303433F5061
:1036F00019003F905802972B1F4330410B120A12BA
:103700004A430B435F43B012C2204F43B012C22062
:103710007FF0400001245A431B533B90C800042C07
:103720004A93F3271F43033C4A93FC230F433A4138
:103730003B4130410B12B01248114B4FB0124811AF
:10374000D2C32500B0124011B0124811D2C32300D9
:10375000B0124011B0124811D2D32400B01240115F
:10376000B0124811D2D32500B01240114F4BB01205
:1037700040111F433B4130410B120A12091208123B
:103780000B4F4A4E094D48434F43B012AA215F9355
:1037900003240F433040703AB0124811824BBC03EF
:1037A000C24ADB0282492E04B0124011E2C21D005F
:1037B000C29302000334F2F07F000200B0124811FD
:1037C0005E427600B01240115B42BC037BD080FFAA
:1037D000B0124811C24B7700B012401103430343AB
:1037E00003430343034303430343034303430343A9
:1037F0000343034303430343034303430343034399
:103800000343034303430343034303430343034388
:103810000343034303430343034303430343034378
:103820000343034303430343034303430343034368
:103830000343034303430343034303430343034358
:103840000343034303430343034303430343034348
:103850000343034303430343034303430343034338
:103860000343034303430343034303431F42BC0394
:1038700012C30F104B4F7BF0C0FFB0124811C24B68
:103880007700B01240110343034303430343034350
:1038900003430343034303430343034303430343F8
:1038A00003430343034303430343034303430343E8
:1038B00003430343034303430343034303430343D8
:1038C00003430343034303430343034303430343C8
:1038D00003430343034303430343034303430343B8
:1038E00003430343034303430343034303430343A8
:1038F0000343034303430343034303430343034398
:103900000343034303430343034303430343034387
:103910000343034303435892DB0253280343034307
:103920000343034303430343034303430343034367
:103930000343034303430343034303430343034357
:103940000343034303430343034303430343034347
:103950000343034303430343034303430343034337
:103960000343034303430343034303430343034327
:103970000343034303430343034303430343034317
:103980000343034303430343034303430343034307
:1039900003430343034303430343034303430343F7
:1039A000034303430343034303430343E2D21D00A2
:1039B0004F43B012DA213F401E43B012D8117FF3BB
:1039C000573C4F481F522E046B4FB0124811C24B48
:1039D0007700B012401103430343034303430343FF
:1039E00003430343034303430343034303430343A7
:1039F0000343034303430343034303430343034397
:103A00000343034303430343034303430343034386
:103A10000343034303430343034303430343034376
:103A20000343034303430343034303430343034366
:103A30000343034303430343034303430343034356
:103A40000343034303430343034303430343034346
:103A50000343034303430343034303430343034336
:103A600003430343034358535892DB02AA2B563FA8
:103A7000384139413A413B413041E2D21D00E2D266
:103A80001E00B0121415B0124811F2F0BFFF000072
:103A9000B0124011B0124811F2F07F000000B012D5
:103AA00040111F433041B24000408A01B2F0EFFFA5
:103AB0008A011F4330410B125E435F930B24B01207
:103AC0004811F2423404B01240113F40E22AB012D1
:103AD000D8115B3C5F4234043F533F921A2C0F5F76
:103AE000104FE43AF43A1C3B4C3B623B6E3B7E3B4E
:103AF000123B123BE24334045E42B0021F42040216
:103B0000B0129E2F824F04025F42B002B012B02A60
:103B10004E4F5E933A24F2423404D73F1F42B00323
:103B20001F52C6036B4F4E4B1F420402B0129E2F12
:103B3000824F04029253C6039292DC02C60302280B
:103B4000E24234044F4BB012FC2FE23F5F428E043E
:103B50007FE02000B012B02A4E4FD2421604340447
:103B6000D83F5B420402F24005003404EB3F1F42A1
:103B700004028F107FF3F24006003404E43FF24069
:103B8000070034047F407E00C13F1F433B4130416A
:103B90000B120A120B4F4A4EB01248114E4F824B75
:103BA000B603C24AB303C24B7C000F4B8F107FF3A6
:103BB000C24F7D00C24A7B004F4EB01240113A41C5
:103BC0003B4130410B12C243C403B24020026001AA
:103BD000B24020018001E2C30000F240070057001C
:103BE000C2435800824362018243640182436601FA
:103BF0008243820182438401824386018243880199
:103C000082438A0182438C0182438E01A2D38001C8
:103C1000B24000408601B2D0100086010B433C4008
:103C200000080D4B0DDC5F4257007FF0F8FF0E4D92
:103C30008E107EF007004FDEC24F5700C24D560077
:103C4000E243C4031F4290013F508000824F96011F
:103C5000C293C403FD231F42CE031F82C2033F90C1
:103C60000140012C0B4D0C110C93DB2382436001AE
:103C700082438001824386013B4130410B120A128C
:103C8000B0124811021232C20343D242B4033001CF
:103C9000C2433101B24052003801C24339011A42D5
:103CA0003A0132410B4A3B500403C243D3029B42C8
:103CB000CA030200B0124011BB40030004009A4244
:103CC00000020403021232C20343D242B4033001A1
:103CD000C2433101B24052003801C24339011F4290
:103CE0003A0132413F50FA020C4F7D4042003E43C0
:103CF0007F400A00B012B8444F932124B0124811FB
:103D0000D2E3B403B0124011B01248114B4FD2B3FA
:103D10001A040D24B0124811F2D010003100D2C3A1
:103D20001A04B01240114F4BB0124011083CB012AF
:103D30004811F2F0EFFF3100D2D31A04F23F3A41BA
:103D40003B4130417FF30F930A241F9302245F43CA
:103D5000083C9242C0033A048243C003F83FB012C9
:103D60007A447FF330414D4F7FF30F5F0F5F0F5F5A
:103D7000EFC3B7027E435F4291047F930B244F9DB4
:103D800032244E4F7FF30F5F0F5F0F5F5F4FB6021E
:103D90007F93F5237E435F421C047F930E244C4F98
:103DA0004F9D0C244E4F7FF30F5F0F5F0F5F5F4FF0
:103DB000B6027F93F523C24C1C0430417E930C2441
:103DC0007EF30E5E0E5E0E5E7FF30F5F0F5F0F5F82
:103DD000DE4FB602B602EF3F7FF30F5F0F5F0F5F5C
:103DE0005C4FB602E83F7E930C247EF30E5E0E5EBF
:103DF0000E5E7FF30F5F0F5F0F5FDE4FB602B602FE
:103E000030417FF30F5F0F5F0F5FD24FB602910417
:103E100030415F429104F2439104B012F416B012A3
:103E2000EE1F30415F421C04F2431C04B012F41632
:103E3000B012EE1F30410B120A1221831A434B4F6E
:103E40000E4B0E5E0E5B3E50FD03E14E00006F41D7
:103E500012C34F104F114F114F113FF007001F9326
:103E60000B246F4112C34F104F114F114F113FF0F0
:103E700007003F9005002720FEB0200001004F43BF
:103E80004F637FF30F931D20FEB0100001004F43DE
:103E90004F637FF30F9313241F43B01288195F936E
:103EA00002240A43103C0F4B0F5F0F5BFFD0200032
:103EB000FE03B012DA182F9306202A43043C0F4366
:103EC000EC3F5F43EC3F0F4A21533A413B413041C5
:103ED0007FF32F932F243F90030015341F93012469
:103EE00030419243C8031F4270011F52D603824FD4
:103EF000740182436401A242640182436401B240BE
:103F00003000640130413F90030001243041B24051
:103F10000300C8031F4290011F52D603824F940131
:103F200082438401A242840182438401B240300072
:103F300084013041A243C8031F4290011F52D6039F
:103F4000824F920182438201A24282018243820116
:103F5000B2403000820130418293D6031A205E4283
:103F6000DB030F4E0F5F0F5E3F50FD03FFB02000DD
:103F700001004F434F637FF31F930E20B012621A6C
:103F80005E42DB030F4E0F5F0F5EFFF0DFFFFE03AD
:103F9000033CB012324AE33F5F42DB034E4F0E5EFA
:103FA0000E5FFEF0DFFFFF03B24230043F4008180F
:103FB000B012D81130410B12B01248114E4FC293BB
:103FC000380406241F42A2015FF37FF34F930E24AF
:103FD0004B434F4EB0124011D293380410204B93F4
:103FE0000E203F402C40B012D811093CA2C3A001C2
:103FF000B2F0DFFFA001C24395045B43EA3F3B41BF
:1040000030414C433D4020020E436F43B0120E1628
:104010003041D2933804012430414C433D40800C60
:104020000E437F400300B0120E16F63FD2933804C1
:10403000012430414C433D40A0000E437F4003002B
:10404000B0120E16F63FB012064AB24000F8E00376
:10405000B240E202E203B2400005E403B24080E075
:10406000E603B2400FA7E803B240FF60EA03B240A4
:10407000E512EC03B240560AEE03B2406541F0038C
:10408000B240C401F2038243F4038243F603B24018
:104090007F02F8038243FA031F4330417F4005004B
:1040A000B012C2204F43B012C2207FB24F434F63C1
:1040B0004F9397242F430343034303430343034393
:1040C00003430343034303430343034303430343C0
:1040D00003430343034303430343034303430343B0
:1040E00003430343034303430343034303430343A0
:1040F0000343034303430343034303430343034390
:10410000034303430343034303430343034303437F
:10411000034303430343034303430343034303436F
:10412000034303430343034303430343034303435F
:10413000034303430343034303430343034303434F
:10414000034303430343034303430343034303433F
:10415000034303430343034303430343034303432F
:10416000034303430343034303430343034303431F
:10417000034303430343034303430343034303430F
:1041800003430343034303430343034303430343FF
:104190000343034303433F501C003F90C2018B2B5A
:1041A0005F421C006FF37FF34F93FA23B012481164
:1041B000E2421704B0124011C293B8030D24E24347
:1041C000E0023E404B000F43B0129E284F93012463
:1041D0003041B012E42730413F40E828B012D811F6
:1041E000F53FB0124811F24003001704B01240111D
:1041F000B01210290E4F3EF00F001E530F4E0F5FEE
:104200000F5F0E5E0F5E0F5E0F5ED243E0020E4F39
:104210000F43B0129E284F93DB23B012E427D83F00
:104220007F400900B012C2204F930320B012E42750
:1042300030415F42AC025F531E420A04B0121C457B
:104240004F9301243041B012E427FC3F1E42D203B9
:104250007F404E00B012644730410B121E42E00313
:104260007F401000B0121A223B40E2032E4B7F40E9
:104270001100B0121A227F401100B0124C242F9B63
:1042800002240F434A3C1E42E4037F401200B01256
:104290001A221E42E6037F401300B0121A221E4269
:1042A000E8037F401400B0121A221E42EA037F4046
:1042B0001500B0121A221E42EC037F401600B01205
:1042C0001A221E42EE037F401700B0121A221E422D
:1042D000F0037F401800B0121A221E42F2037F4002
:1042E0001900B0121A221E42F4037F401A00B012C5
:1042F0001A221E42F8037F401C00B0121A221E42EE
:10430000FA037F401D00B0121A227F400900B0124C
:10431000C2207F42B012C2201F433B413041304196
:10432000B0124811C243D803B0124011B012481164
:10433000B012401130410B120A125F4239044E4F45
:104340000E5E0E5E0F5F0E5F0A4E3A50FE031B4A72
:104350000400BA900A00020011285F4EFE033F904D
:10436000410020243F90420010343F90400006243A
:10437000E24AD9023F40AE4AB012D811B0124811F9
:104380000B931A248A4B0400173C3F904200F02301
:10439000DB434E00DB42030209000F4BB0124C2BF3
:1043A0000B4FEC3FDB434E00D24A0100FC033F4081
:1043B000D243B012D811EE3F8A430200CA43010033
:1043C000D2533904D2F33904B01240113A413B417F
:1043D00030415F42FC03B012C04A3041B012481174
:1043E0004D4FD2437800F2D010007800F2C27A002C
:1043F000D2437800F2D0100078005F42D8024F9389
:104400002334F2F0CFFF79007FF07F00C2DF790024
:104410005E42B3034E9303208293B6030C24D24230
:10442000B6037C001F42B6038F107FF3C24F7D009E
:10443000C24E7B00103CF24003007C00C2437D0072
:10444000F2404A007B00073CF2F0CFFF7900F2D047
:1044500010007900DD3FF2F0EFFF0500F2D03000F0
:104460000500D2C37800F2F0CFFF0300F2F0CFFFD7
:1044700001004F4DB012401130415F42D4031F93F1
:1044800014242F930A382F930324C243D403123CDD
:104490007F400300B012561DF83F0F93F6235F4391
:1044A000B012561DD243D403053C6F43B012561DC3
:1044B000E243D4031F4330410B120A1209120812BF
:1044C000484F094E4A4D0B4CC29390040720D243EB
:1044D00090047D9043000428C24390040F43193C8C
:1044E0003F40724AB012D8114F93F627824BEC022C
:1044F000CB4A00008B490600CB4808001F42EC0263
:10450000DF42030209004F436F537F905200FC2BA0
:104510001F43384139413A413B4130410B120A12A5
:1045200009124B4F0A4E49434F43B012AA215F93E1
:1045300003240F4330405C47B0124811C24BD503EF
:10454000824ABA03B0124011E2C21D00C2930200B7
:104550000334F2F07F000200B01248115E42760090
:10456000B0124011B0124811F2403E007700B01274
:104570004011034303430343034303430343034300
:1045800003430343034303430343034303430343FB
:1045900003430343034303430343034303430343EB
:1045A00003430343034303430343034303430343DB
:1045B00003430343034303430343034303430343CB
:1045C00003430343034303430343034303430343BB
:1045D00003430343034303430343034303430343AB
:1045E000034303430343034303430343034303439B
:1045F000034303430343034303430343034303438B
:1046000003435992D503532803430343034303430E
:10461000034303430343034303430343034303436A
:10462000034303430343034303430343034303435A
:10463000034303430343034303430343034303434A
:10464000034303430343034303430343034303433A
:10465000034303430343034303430343034303432A
:10466000034303430343034303430343034303431A
:10467000034303430343034303430343034303430A
:1046800003430343034303430343034303430343FA
:104690000343034303430343E2D21D004F43B012DD
:1046A000DA213F40A84AB012D8117FF3573C4F4956
:1046B0001F52BA036B4FB0124811C24B7700B012B1
:1046C00040110343034303430343034303430343AF
:1046D00003430343034303430343034303430343AA
:1046E000034303430343034303430343034303439A
:1046F000034303430343034303430343034303438A
:104700000343034303430343034303430343034379
:104710000343034303430343034303430343034369
:104720000343034303430343034303430343034359
:104730000343034303430343034303430343034349
:104740000343034303430343034303430343034339
:10475000034359535992D503AA2B563F39413A4145
:104760003B4130410B120A1209124A4F0B4E4F4384
:10477000B012AA215F9303240F433040FE49B012C8
:104780004811824BD602B0124011E2C21D00C29302
:1047900002000334F2F07F000200B01248115E42C2
:1047A0007600B0124011B0124811F2407F0077003D
:1047B000B012401103430343034303430343034342
:1047C00003430343034303430343034303430343B9
:1047D00003430343034303430343034303430343A9
:1047E0000343034303430343034303430343034399
:1047F0000343034303430343034303430343034389
:104800000343034303430343034303430343034378
:104810000343034303430343034303430343034368
:104820000343034303430343034303430343034358
:104830000343034303430343034303430343034348
:1048400003430343B01248115B427600B01240119B
:10485000C24BF002B0124811C2437700B0124011AF
:104860000343034303430343034303430343034318
:104870000343034303430343034303430343034308
:1048800003430343034303430343034303430343F8
:1048900003430343034303430343034303430343E8
:1048A00003430343034303430343034303430343D8
:1048B00003430343034303430343034303430343C8
:1048C00003430343034303430343034303430343B8
:1048D00003430343034303430343034303430343A8
:1048E0000343034303430343034303430343034398
:1048F000B01248115B427600B01240117BF3C24BFC
:10490000F0024B930F241F42D602CF4B0000D2532C
:10491000F0025A92F002022CC24AF0025943599214
:10492000F0020E28E2D21D004F43B012DA21C293EA
:10493000F00222273F409A4AB012D8117FF35F3C21
:10494000B0124811C2437700B01240110343034331
:104950000343034303430343034303430343034327
:104960000343034303430343034303430343034317
:104970000343034303430343034303430343034307
:1049800003430343034303430343034303430343F7
:1049900003430343034303430343034303430343E7
:1049A00003430343034303430343034303430343D7
:1049B00003430343034303430343034303430343C7
:1049C00003430343034303430343034303430343B7
:1049D0000343034303430343034303434F491A423F
:1049E000D6020A5FB01248115B427600B012401145
:1049F000CA4B000059535992F002A22B933F394100
:104A00003A413B413041E2D21D00E2D21E00B012D9
:104A10001415B0124811F2F0BFFF0000B01240119F
:104A2000B0124811F2F07F000000B01240111F4395
:104A300030411F4230043F50FBFF3F900300142CD5
:104A40001F42C80312243F900300072C1F93012428
:104A50003041B2F0EFFF640130413F900300012488
:104A60003041B2F0EFFF84013041B2F0EFFF82013C
:104A700030411F42EC02BF907E0006000B24B012B2
:104A8000FE4A4F93012430414E431F42EC02B012C4
:104A90000628F93FB012884CF43F1E42D6025F420E
:104AA000F002B012944B3041B0120E283041B012D7
:104AB0004811F2D29404B0124011B012062A3041CB
:104AC0000B120A124A4F5B43B01248114D4F5E421F
:104AD00094046EB30E206ED3C24E9404C24ADF0318
:104AE0004F4DB01240115B930620B012062A4B4F77
:104AF000023C4B43F53F4F4B3A413B4130410B1297
:104B00000A120A4FB01248115B421704B01240114A
:104B10005B9302240F433B3CFA420200C293B8036A
:104B20003324FA4021000100BA430400FA500B007C
:104B30000000D253D903DA42D90303006F4A2F830E
:104B4000824FAC02824A0A04F242D202B012102909
:104B50000E4F3EF00F001E530F4E0F5F0F5F0E5EA5
:104B60000F5E0F5E0F5EC243E0020E4F0F43B012A6
:104B70009E284F93CF27B0124811F240030017042C
:104B8000B01240111F43033CDA430100CD3F3A41CC
:104B90003B4130410B120A1209124A4F0B4EB01220
:104BA000481159421704B01240115F4220007FF2B1
:104BB0007FF34F935C207A904F00612C824BD2039D
:104BC000C293B8030224699229241E42D2035F4E85
:104BD00001007FF003005F935220FE50F5FF0000BC
:104BE0004F4A0E4B0E5F1F42D2035D4EFFFF4D5DDD
:104BF0004D434D6DCF4D4E001F42D203DF4EFEFFA1
:104C00004C001F42D2035E4EFFFF7EF07F00CF4E6E
:104C10004D003F40C64CB012D811313C5F4B0100F3
:104C20007FF003006F93D123DB92D9030300CD23E0
:104C3000B01248114D4F1F420A04DF434F004F4A44
:104C40000E4B0E5F1F420A04DF4EFEFF4C001F4258
:104C50000A045E4EFFFF7EF07F00CF4E4D004F4DA9
:104C6000B01240113F40E828B012D811AE3F7F404B
:104C70003F00B0124C247F42B012C2209C3F1F4321
:104C800039413A413B4130410B120A120A4F5B4312
:104C9000B01248114D4F5E4294046EB20E206ED297
:104CA000C24E9404824AAE024F4DB01240115B9343
:104CB0000620B012062A4B4F023C4B43F53F4F4BA8
:104CC0003A413B4130410B12B01248111B42D20312
:104CD0008B435000B01240110F4BB0124C2B0B4FB6
:104CE000B01248114E4F0B930224824BD2031F4245
:104CF000D203CF4300004F4EB01240113B41304130
:044D000002DFFE3F91
:044D04000200007D2C
:10FFE0003A11B02CBC1198117C2B98265C11442935
:10FFF000901180113A113A11022764113A1100113F
:0400000300001100E8
:00000001FF
